# JRE version: OpenJDK Runtime Environment (21.0.8) (build 21.0.8+-14018985-b1038.68)
# Java VM: OpenJDK 64-Bit Server VM (21.0.8+-14018985-b1038.68, mixed mode, tiered, compressed oops, compressed class ptrs, g1 gc, windows-amd64)
GC Precious Log:
 CardTable entry size: 512
 Card Set container configuration: InlinePtr #cards 5 size 8 Array Of Cards #cards 12 size 40 Howl #buckets 4 coarsen threshold 1843 Howl Bitmap #cards 512 size 80 coarsen threshold 460 Card regions per heap region 1 cards per card region 2048
 CPUs: 6 total, 6 available
 Memory: 16315M
 Large Page Support: Disabled
 NUMA Support: Disabled
 Compressed Oops: Enabled (32-bit)
 Heap Region Size: 1M
 Heap Min Capacity: 8M
 Heap Initial Capacity: 256M
 Heap Max Capacity: 2G
 Pre-touch: Disabled
 Parallel Workers: 6
 Concurrent Workers: 2
 Concurrent Refinement Workers: 6
 Periodic GC: Disabled
Heap:
 garbage-first heap   total 160768K, used 102744K [0x0000000080000000, 0x0000000100000000)
  region size 1024K, 9 young (9216K), 2 survivors (2048K)
 Metaspace       used 68090K, committed 69824K, reserved 1114112K
  class space    used 9558K, committed 10368K, reserved 1048576K
GC Heap History (20 events):
Event: 3.536 GC heap before
{Heap before GC invocations=9 (full 0):
 garbage-first heap   total 73728K, used 72131K [0x0000000080000000, 0x0000000100000000)
  region size 1024K, 21 young (21504K), 3 survivors (3072K)
 Metaspace       used 36741K, committed 37632K, reserved 1114112K
  class space    used 5160K, committed 5568K, reserved 1048576K
}
Event: 3.540 GC heap after
{Heap after GC invocations=10 (full 0):
 garbage-first heap   total 82944K, used 60516K [0x0000000080000000, 0x0000000100000000)
  region size 1024K, 5 young (5120K), 5 survivors (5120K)
 Metaspace       used 36741K, committed 37632K, reserved 1114112K
  class space    used 5160K, committed 5568K, reserved 1048576K
}
Event: 3.687 GC heap before
{Heap before GC invocations=10 (full 0):
 garbage-first heap   total 82944K, used 70756K [0x0000000080000000, 0x0000000100000000)
  region size 1024K, 16 young (16384K), 5 survivors (5120K)
 Metaspace       used 38325K, committed 39232K, reserved 1114112K
  class space    used 5382K, committed 5824K, reserved 1048576K
}
Event: 3.689 GC heap after
{Heap after GC invocations=11 (full 0):
 garbage-first heap   total 100352K, used 61402K [0x0000000080000000, 0x0000000100000000)
  region size 1024K, 1 young (1024K), 1 survivors (1024K)
 Metaspace       used 38325K, committed 39232K, reserved 1114112K
  class space    used 5382K, committed 5824K, reserved 1048576K
}
Event: 4.015 GC heap before
{Heap before GC invocations=11 (full 0):
 garbage-first heap   total 100352K, used 88026K [0x0000000080000000, 0x0000000100000000)
  region size 1024K, 27 young (27648K), 1 survivors (1024K)
 Metaspace       used 42420K, committed 43328K, reserved 1114112K
  class space    used 5961K, committed 6400K, reserved 1048576K
}
Event: 4.017 GC heap after
{Heap after GC invocations=12 (full 0):
 garbage-first heap   total 100352K, used 63113K [0x0000000080000000, 0x0000000100000000)
  region size 1024K, 3 young (3072K), 3 survivors (3072K)
 Metaspace       used 42420K, committed 43328K, reserved 1114112K
  class space    used 5961K, committed 6400K, reserved 1048576K
}
Event: 4.261 GC heap before
{Heap before GC invocations=13 (full 0):
 garbage-first heap   total 107520K, used 88713K [0x0000000080000000, 0x0000000100000000)
  region size 1024K, 29 young (29696K), 3 survivors (3072K)
 Metaspace       used 46544K, committed 47488K, reserved 1114112K
  class space    used 6407K, committed 6848K, reserved 1048576K
}
Event: 4.265 GC heap after
{Heap after GC invocations=14 (full 0):
 garbage-first heap   total 107520K, used 66137K [0x0000000080000000, 0x0000000100000000)
  region size 1024K, 4 young (4096K), 4 survivors (4096K)
 Metaspace       used 46544K, committed 47488K, reserved 1114112K
  class space    used 6407K, committed 6848K, reserved 1048576K
}
Event: 4.550 GC heap before
{Heap before GC invocations=14 (full 0):
 garbage-first heap   total 107520K, used 99929K [0x0000000080000000, 0x0000000100000000)
  region size 1024K, 33 young (33792K), 4 survivors (4096K)
 Metaspace       used 49396K, committed 50496K, reserved 1114112K
  class space    used 6709K, committed 7232K, reserved 1048576K
}
Event: 4.554 GC heap after
{Heap after GC invocations=15 (full 0):
 garbage-first heap   total 109568K, used 69097K [0x0000000080000000, 0x0000000100000000)
  region size 1024K, 5 young (5120K), 5 survivors (5120K)
 Metaspace       used 49396K, committed 50496K, reserved 1114112K
  class space    used 6709K, committed 7232K, reserved 1048576K
}
Event: 4.796 GC heap before
{Heap before GC invocations=15 (full 0):
 garbage-first heap   total 109568K, used 97769K [0x0000000080000000, 0x0000000100000000)
  region size 1024K, 33 young (33792K), 5 survivors (5120K)
 Metaspace       used 52650K, committed 54016K, reserved 1114112K
  class space    used 7266K, committed 7936K, reserved 1048576K
}
Event: 4.800 GC heap after
{Heap after GC invocations=16 (full 0):
 garbage-first heap   total 132096K, used 71437K [0x0000000080000000, 0x0000000100000000)
  region size 1024K, 2 young (2048K), 2 survivors (2048K)
 Metaspace       used 52650K, committed 54016K, reserved 1114112K
  class space    used 7266K, committed 7936K, reserved 1048576K
}
Event: 5.264 GC heap before
{Heap before GC invocations=17 (full 0):
 garbage-first heap   total 132096K, used 116493K [0x0000000080000000, 0x0000000100000000)
  region size 1024K, 46 young (47104K), 2 survivors (2048K)
 Metaspace       used 57717K, committed 59264K, reserved 1114112K
  class space    used 8163K, committed 8896K, reserved 1048576K
}
Event: 5.267 GC heap after
{Heap after GC invocations=18 (full 0):
 garbage-first heap   total 132096K, used 74554K [0x0000000080000000, 0x0000000100000000)
  region size 1024K, 5 young (5120K), 5 survivors (5120K)
 Metaspace       used 57717K, committed 59264K, reserved 1114112K
  class space    used 8163K, committed 8896K, reserved 1048576K
}
Event: 5.723 GC heap before
{Heap before GC invocations=18 (full 0):
 garbage-first heap   total 132096K, used 130874K [0x0000000080000000, 0x0000000100000000)
  region size 1024K, 43 young (44032K), 5 survivors (5120K)
 Metaspace       used 60707K, committed 62336K, reserved 1114112K
  class space    used 8439K, committed 9216K, reserved 1048576K
}
Event: 5.728 GC heap after
{Heap after GC invocations=19 (full 0):
 garbage-first heap   total 141312K, used 94086K [0x0000000080000000, 0x0000000100000000)
  region size 1024K, 6 young (6144K), 6 survivors (6144K)
 Metaspace       used 60707K, committed 62336K, reserved 1114112K
  class space    used 8439K, committed 9216K, reserved 1048576K
}
Event: 5.924 GC heap before
{Heap before GC invocations=19 (full 0):
 garbage-first heap   total 141312K, used 126854K [0x0000000080000000, 0x0000000100000000)
  region size 1024K, 38 young (38912K), 6 survivors (6144K)
 Metaspace       used 62289K, committed 63872K, reserved 1114112K
  class space    used 8684K, committed 9472K, reserved 1048576K
}
Event: 5.928 GC heap after
{Heap after GC invocations=20 (full 0):
 garbage-first heap   total 141312K, used 95522K [0x0000000080000000, 0x0000000100000000)
  region size 1024K, 1 young (1024K), 1 survivors (1024K)
 Metaspace       used 62289K, committed 63872K, reserved 1114112K
  class space    used 8684K, committed 9472K, reserved 1048576K
}
Event: 6.267 GC heap before
{Heap before GC invocations=21 (full 0):
 garbage-first heap   total 160768K, used 130338K [0x0000000080000000, 0x0000000100000000)
  region size 1024K, 35 young (35840K), 1 survivors (1024K)
 Metaspace       used 66898K, committed 68544K, reserved 1114112K
  class space    used 9374K, committed 10176K, reserved 1048576K
}
Event: 6.269 GC heap after
{Heap after GC invocations=22 (full 0):
 garbage-first heap   total 160768K, used 96600K [0x0000000080000000, 0x0000000100000000)
  region size 1024K, 2 young (2048K), 2 survivors (2048K)
 Metaspace       used 66898K, committed 68544K, reserved 1114112K
  class space    used 9374K, committed 10176K, reserved 1048576K
}

